  [4;36;1mSQL (0.1ms)[0m   [0;1mSET SQL_AUTO_IS_NULL=0[0m
  [4;35;1mSQL (0.2ms)[0m   [0mSHOW TABLES[0m
  [4;36;1mSQL (38.4ms)[0m   [0;1mCREATE TABLE `schema_migrations` (`version` varchar(255) NOT NULL) ENGINE=InnoDB[0m
  [4;35;1mSQL (1.6ms)[0m   [0mSHOW KEYS FROM `schema_migrations`[0m
  [4;36;1mSQL (23.1ms)[0m   [0;1mCREATE UNIQUE INDEX `unique_schema_migrations` ON `schema_migrations` (`version`)[0m
  [4;35;1mSQL (0.3ms)[0m   [0mSHOW TABLES[0m
  [4;36;1mSQL (0.1ms)[0m   [0;1mSELECT version FROM schema_migrations[0m
Migrating to CreateKeyIndices (20120322215230)
  [4;36;1mSQL (0.2ms)[0m   [0;1mSET SQL_AUTO_IS_NULL=0[0m
  [4;35;1mSQL (0.2ms)[0m   [0mSHOW TABLES[0m
  [4;36;1mSQL (0.1ms)[0m   [0;1mSELECT version FROM schema_migrations[0m
Migrating to CreateKeyIndices (20120322215230)
  [4;36;1mSQL (0.1ms)[0m   [0;1mSET SQL_AUTO_IS_NULL=0[0m
  [4;35;1mSQL (0.2ms)[0m   [0mSHOW TABLES[0m
  [4;36;1mSQL (0.1ms)[0m   [0;1mSELECT version FROM schema_migrations[0m
Migrating to CreateKeyIndices (20120322215230)
  [4;36;1mSQL (0.1ms)[0m   [0;1mSET SQL_AUTO_IS_NULL=0[0m
  [4;35;1mSQL (0.2ms)[0m   [0mSHOW TABLES[0m
  [4;36;1mSQL (0.1ms)[0m   [0;1mSELECT version FROM schema_migrations[0m
Migrating to CreateKeyIndices (20120322215230)
  [4;35;1mSQL (14.3ms)[0m   [0mCREATE TABLE `key_indices` (`created_at` datetime, `updated_at` datetime) ENGINE=InnoDB[0m
  [4;36;1mSQL (0.7ms)[0m   [0;1mSHOW KEYS FROM `key_indices`[0m
  [4;35;1mSQL (0.0ms)[0m   [0mMysql::Error: Key column 'name' doesn't exist in table: CREATE UNIQUE INDEX `index_key_indices_on_name` ON `key_indices` (`name`)[0m
  [4;36;1mSQL (0.1ms)[0m   [0;1mSET SQL_AUTO_IS_NULL=0[0m
  [4;35;1mSQL (0.2ms)[0m   [0mSHOW TABLES[0m
  [4;36;1mSQL (0.1ms)[0m   [0;1mSELECT version FROM schema_migrations[0m
Migrating to CreateKeyIndices (20120322215230)
  [4;35;1mSQL (0.0ms)[0m   [0mMysql::Error: Table 'key_indices' already exists: CREATE TABLE `key_indices` (`created_at` datetime, `updated_at` datetime) ENGINE=InnoDB[0m
  [4;36;1mSQL (0.1ms)[0m   [0;1mSET SQL_AUTO_IS_NULL=0[0m
  [4;35;1mSQL (0.2ms)[0m   [0mSHOW TABLES[0m
  [4;36;1mSQL (18.1ms)[0m   [0;1mCREATE TABLE `schema_migrations` (`version` varchar(255) NOT NULL) ENGINE=InnoDB[0m
  [4;35;1mSQL (0.2ms)[0m   [0mSHOW KEYS FROM `schema_migrations`[0m
  [4;36;1mSQL (16.5ms)[0m   [0;1mCREATE UNIQUE INDEX `unique_schema_migrations` ON `schema_migrations` (`version`)[0m
  [4;35;1mSQL (0.2ms)[0m   [0mSHOW TABLES[0m
  [4;36;1mSQL (0.1ms)[0m   [0;1mSELECT version FROM schema_migrations[0m
Migrating to CreateKeyIndices (20120322215230)
  [4;35;1mSQL (8.5ms)[0m   [0mCREATE TABLE `key_indices` (`created_at` datetime, `updated_at` datetime) ENGINE=InnoDB[0m
  [4;36;1mSQL (0.3ms)[0m   [0;1mSHOW KEYS FROM `key_indices`[0m
  [4;35;1mSQL (0.0ms)[0m   [0mMysql::Error: Key column 'key' doesn't exist in table: CREATE UNIQUE INDEX `index_key_indices_on_key` ON `key_indices` (`key`)[0m
  [4;36;1mSQL (0.1ms)[0m   [0;1mSET SQL_AUTO_IS_NULL=0[0m
  [4;35;1mSQL (0.2ms)[0m   [0mSHOW TABLES[0m
  [4;36;1mSQL (0.1ms)[0m   [0;1mSELECT version FROM schema_migrations[0m
Migrating to CreateKeyIndices (20120322215230)
  [4;35;1mSQL (12.9ms)[0m   [0mCREATE TABLE `key_indices` (`created_at` datetime, `updated_at` datetime) ENGINE=InnoDB[0m
  [4;36;1mSQL (0.2ms)[0m   [0;1mSHOW KEYS FROM `key_indices`[0m
  [4;35;1mSQL (0.0ms)[0m   [0mMysql::Error: Key column 'key' doesn't exist in table: CREATE UNIQUE INDEX `index_key_indices_on_key` ON `key_indices` (`key`)[0m
  [4;36;1mSQL (0.1ms)[0m   [0;1mSET SQL_AUTO_IS_NULL=0[0m
  [4;35;1mSQL (0.2ms)[0m   [0mSHOW TABLES[0m
  [4;36;1mSQL (0.1ms)[0m   [0;1mSELECT version FROM schema_migrations[0m
  [4;35;1mSQL (0.3ms)[0m   [0mSHOW TABLES[0m
  [4;36;1mSQL (0.1ms)[0m   [0;1mSELECT version FROM schema_migrations[0m
  [4;35;1mSQL (0.2ms)[0m   [0mSHOW TABLES[0m
  [4;36;1mSQL (0.8ms)[0m   [0;1mSHOW FIELDS FROM `key_indices`[0m
  [4;35;1mSQL (0.6ms)[0m   [0mdescribe `key_indices`[0m
  [4;36;1mSQL (0.1ms)[0m   [0;1mSHOW KEYS FROM `key_indices`[0m
  [4;36;1mSQL (0.1ms)[0m   [0;1mSET SQL_AUTO_IS_NULL=0[0m
  [4;35;1mSQL (0.2ms)[0m   [0mSHOW TABLES[0m
  [4;36;1mSQL (0.1ms)[0m   [0;1mSELECT version FROM schema_migrations[0m
Migrating to CreateKeyIndices (20120322215230)
  [4;35;1mSQL (22.5ms)[0m   [0mCREATE TABLE `key_indices` (`created_at` datetime, `updated_at` datetime) ENGINE=InnoDB[0m
  [4;36;1mSQL (0.3ms)[0m   [0;1mSHOW KEYS FROM `key_indices`[0m
  [4;35;1mSQL (0.0ms)[0m   [0mMysql::Error: Key column 'key' doesn't exist in table: CREATE UNIQUE INDEX `index_key_indices_on_key` ON `key_indices` (`key`)[0m
  [4;36;1mSQL (0.1ms)[0m   [0;1mSET SQL_AUTO_IS_NULL=0[0m
  [4;35;1mSQL (0.2ms)[0m   [0mSHOW TABLES[0m
  [4;36;1mSQL (0.1ms)[0m   [0;1mSELECT version FROM schema_migrations[0m
Migrating to CreateKeyIndices (20120322215230)
  [4;35;1mSQL (12.5ms)[0m   [0mCREATE TABLE `key_indices` (`created_at` datetime, `updated_at` datetime) ENGINE=InnoDB[0m
  [4;36;1mSQL (0.2ms)[0m   [0;1mSHOW KEYS FROM `key_indices`[0m
  [4;35;1mSQL (0.0ms)[0m   [0mMysql::Error: Key column 'key' doesn't exist in table: CREATE UNIQUE INDEX `index_key_indices_on_key` ON `key_indices` (`key`)[0m
  [4;36;1mSQL (0.1ms)[0m   [0;1mSET SQL_AUTO_IS_NULL=0[0m
  [4;35;1mSQL (0.2ms)[0m   [0mSHOW TABLES[0m
  [4;36;1mSQL (0.1ms)[0m   [0;1mSELECT version FROM schema_migrations[0m
Migrating to CreateKeyIndices (20120322215230)
  [4;35;1mSQL (13.6ms)[0m   [0mCREATE TABLE `key_indices` (`created_at` datetime, `updated_at` datetime) ENGINE=InnoDB[0m
  [4;36;1mSQL (0.2ms)[0m   [0;1mINSERT INTO schema_migrations (version) VALUES ('20120322215230')[0m
  [4;35;1mSQL (0.2ms)[0m   [0mSHOW TABLES[0m
  [4;36;1mSQL (0.1ms)[0m   [0;1mSELECT version FROM schema_migrations[0m
  [4;35;1mSQL (0.1ms)[0m   [0mSHOW TABLES[0m
  [4;36;1mSQL (0.8ms)[0m   [0;1mSHOW FIELDS FROM `key_indices`[0m
  [4;35;1mSQL (0.6ms)[0m   [0mdescribe `key_indices`[0m
  [4;36;1mSQL (0.1ms)[0m   [0;1mSHOW KEYS FROM `key_indices`[0m
  [4;36;1mSQL (0.1ms)[0m   [0;1mSET SQL_AUTO_IS_NULL=0[0m
  [4;35;1mSQL (0.2ms)[0m   [0mSHOW TABLES[0m
  [4;36;1mSQL (0.2ms)[0m   [0;1mSELECT version FROM schema_migrations[0m
  [4;35;1mSQL (0.2ms)[0m   [0mSHOW TABLES[0m
  [4;36;1mSQL (0.1ms)[0m   [0;1mSELECT version FROM schema_migrations[0m
Migrating to CreateKeyIndices (20120322215230)
  [4;35;1mSQL (2.8ms)[0m   [0mDROP TABLE `key_indices`[0m
  [4;36;1mSQL (0.6ms)[0m   [0;1mDELETE FROM schema_migrations WHERE version = '20120322215230'[0m
  [4;35;1mSQL (0.2ms)[0m   [0mSHOW TABLES[0m
  [4;36;1mSQL (0.1ms)[0m   [0;1mSELECT version FROM schema_migrations[0m
  [4;35;1mSQL (0.1ms)[0m   [0mSHOW TABLES[0m
  [4;36;1mSQL (0.1ms)[0m   [0;1mSHOW TABLES[0m
  [4;35;1mSQL (0.1ms)[0m   [0mSELECT version FROM schema_migrations[0m
Migrating to CreateKeyIndices (20120322215230)
  [4;36;1mSQL (0.1ms)[0m   [0;1mSET SQL_AUTO_IS_NULL=0[0m
  [4;35;1mSQL (0.2ms)[0m   [0mSHOW TABLES[0m
  [4;36;1mSQL (0.1ms)[0m   [0;1mSELECT version FROM schema_migrations[0m
  [4;35;1mSQL (0.2ms)[0m   [0mSHOW TABLES[0m
  [4;36;1mSQL (0.1ms)[0m   [0;1mSELECT version FROM schema_migrations[0m
  [4;35;1mSQL (0.1ms)[0m   [0mSHOW TABLES[0m
  [4;36;1mSQL (0.1ms)[0m   [0;1mSHOW TABLES[0m
  [4;35;1mSQL (0.1ms)[0m   [0mSELECT version FROM schema_migrations[0m
Migrating to CreateKeyIndices (20120322215230)
  [4;36;1mSQL (11.4ms)[0m   [0;1mCREATE TABLE `key_indices` (`key` varchar(255) NOT NULL, `key_hash` int(11) NOT NULL, `expires_at` datetime, `created_at` datetime, `updated_at` datetime) ENGINE=InnoDB[0m
  [4;35;1mSQL (0.3ms)[0m   [0mSHOW KEYS FROM `key_indices`[0m
  [4;36;1mSQL (12.4ms)[0m   [0;1mCREATE INDEX `index_key_indices_on_key_hash` ON `key_indices` (`key_hash`)[0m
  [4;35;1mSQL (0.2ms)[0m   [0mINSERT INTO schema_migrations (version) VALUES ('20120322215230')[0m
  [4;36;1mSQL (0.2ms)[0m   [0;1mSHOW TABLES[0m
  [4;35;1mSQL (0.1ms)[0m   [0mSELECT version FROM schema_migrations[0m
  [4;36;1mSQL (0.2ms)[0m   [0;1mSHOW TABLES[0m
  [4;35;1mSQL (1.0ms)[0m   [0mSHOW FIELDS FROM `key_indices`[0m
  [4;36;1mSQL (0.9ms)[0m   [0;1mdescribe `key_indices`[0m
  [4;35;1mSQL (0.2ms)[0m   [0mSHOW KEYS FROM `key_indices`[0m
  [4;36;1mSQL (0.1ms)[0m   [0;1mSET SQL_AUTO_IS_NULL=0[0m
  [4;35;1mSQL (0.2ms)[0m   [0mSHOW TABLES[0m
  [4;36;1mSQL (0.1ms)[0m   [0;1mSELECT version FROM schema_migrations[0m
  [4;35;1mSQL (0.2ms)[0m   [0mSHOW TABLES[0m
  [4;36;1mSQL (0.1ms)[0m   [0;1mSELECT version FROM schema_migrations[0m
Migrating to CreateKeyIndices (20120322215230)
  [4;35;1mSQL (2.7ms)[0m   [0mDROP TABLE `key_indices`[0m
  [4;36;1mSQL (0.4ms)[0m   [0;1mDELETE FROM schema_migrations WHERE version = '20120322215230'[0m
  [4;35;1mSQL (0.2ms)[0m   [0mSHOW TABLES[0m
  [4;36;1mSQL (0.1ms)[0m   [0;1mSELECT version FROM schema_migrations[0m
  [4;35;1mSQL (0.1ms)[0m   [0mSHOW TABLES[0m
  [4;36;1mSQL (0.1ms)[0m   [0;1mSHOW TABLES[0m
  [4;35;1mSQL (0.1ms)[0m   [0mSELECT version FROM schema_migrations[0m
Migrating to CreateKeyIndices (20120322215230)
  [4;36;1mSQL (11.7ms)[0m   [0;1m CREATE TABLE `key_indices` (
 `key` varchar(255) COLLATE utf8_unicode_ci NOT NULL,
 `key_hash` int(11) NOT NULL,
 `data_type` tinyint(3) NOT NULL,
 `expires_at` datetime DEFAULT NULL,
 `created_at` datetime DEFAULT NULL,
 `updated_at` datetime DEFAULT NULL,
 KEY `index_key_indices_on_key_hash` (`key_hash`)
 ) ENGINE=InnoDB DEFAULT CHARSET=utf8 COLLATE=utf8_unicode_ci
[0m
  [4;35;1mSQL (0.3ms)[0m   [0mINSERT INTO schema_migrations (version) VALUES ('20120322215230')[0m
  [4;36;1mSQL (0.2ms)[0m   [0;1mSHOW TABLES[0m
  [4;35;1mSQL (0.1ms)[0m   [0mSELECT version FROM schema_migrations[0m
  [4;36;1mSQL (0.1ms)[0m   [0;1mSHOW TABLES[0m
  [4;35;1mSQL (1.0ms)[0m   [0mSHOW FIELDS FROM `key_indices`[0m
  [4;36;1mSQL (1.0ms)[0m   [0;1mdescribe `key_indices`[0m
  [4;35;1mSQL (0.2ms)[0m   [0mSHOW KEYS FROM `key_indices`[0m
  [4;36;1mSQL (0.1ms)[0m   [0;1mSET SQL_AUTO_IS_NULL=0[0m
  [4;35;1mSQL (0.2ms)[0m   [0mSHOW TABLES[0m
  [4;36;1mSQL (0.1ms)[0m   [0;1mSELECT version FROM schema_migrations[0m
  [4;35;1mSQL (0.1ms)[0m   [0mSHOW TABLES[0m
  [4;36;1mSQL (0.1ms)[0m   [0;1mSELECT version FROM schema_migrations[0m
Migrating to CreateKeyIndices (20120322215230)
  [4;35;1mSQL (1.8ms)[0m   [0mDROP TABLE `key_indices`[0m
  [4;36;1mSQL (0.4ms)[0m   [0;1mDELETE FROM schema_migrations WHERE version = '20120322215230'[0m
  [4;35;1mSQL (0.2ms)[0m   [0mSHOW TABLES[0m
  [4;36;1mSQL (0.1ms)[0m   [0;1mSELECT version FROM schema_migrations[0m
  [4;35;1mSQL (0.1ms)[0m   [0mSHOW TABLES[0m
  [4;36;1mSQL (0.1ms)[0m   [0;1mSHOW TABLES[0m
  [4;35;1mSQL (0.1ms)[0m   [0mSELECT version FROM schema_migrations[0m
Migrating to CreateKeyIndices (20120322215230)
  [4;36;1mSQL (0.0ms)[0m   [0;1mMysql::Error: You have an error in your SQL syntax; check the manual that corresponds to your MySQL server version for the right syntax to use near ') ENGINE=InnoDB DEFAULT CHARSET=utf8 COLLATE=utf8_unicode_ci' at line 8: CREATE TABLE `key_indices` (
 `key` varchar(255) COLLATE utf8_unicode_ci NOT NULL,
 `key_hash` int(11) NOT NULL,
 `data_type` tinyint(3) NOT NULL,
 `expires_at` datetime DEFAULT NULL,
 `created_at` datetime DEFAULT NULL,
 `updated_at` datetime DEFAULT NULL,
 ) ENGINE=InnoDB DEFAULT CHARSET=utf8 COLLATE=utf8_unicode_ci
[0m
  [4;36;1mSQL (0.2ms)[0m   [0;1mSET SQL_AUTO_IS_NULL=0[0m
  [4;35;1mSQL (0.2ms)[0m   [0mSHOW TABLES[0m
  [4;36;1mSQL (0.1ms)[0m   [0;1mSELECT version FROM schema_migrations[0m
  [4;35;1mSQL (0.2ms)[0m   [0mSHOW TABLES[0m
  [4;36;1mSQL (0.1ms)[0m   [0;1mSELECT version FROM schema_migrations[0m
  [4;35;1mSQL (0.2ms)[0m   [0mSHOW TABLES[0m
  [4;36;1mSQL (0.1ms)[0m   [0;1mSHOW TABLES[0m
  [4;35;1mSQL (0.1ms)[0m   [0mSELECT version FROM schema_migrations[0m
Migrating to CreateKeyIndices (20120322215230)
  [4;36;1mSQL (23.0ms)[0m   [0;1m CREATE TABLE `key_indices` (
 `key` varchar(255) COLLATE utf8_unicode_ci NOT NULL,
 `key_hash` int(11) NOT NULL,
 `data_type` tinyint(3) NOT NULL,
 `expires_at` datetime DEFAULT NULL,
 `created_at` datetime DEFAULT NULL,
 `updated_at` datetime DEFAULT NULL
 ) ENGINE=InnoDB DEFAULT CHARSET=utf8 COLLATE=utf8_unicode_ci
[0m
  [4;35;1mSQL (0.2ms)[0m   [0mSHOW KEYS FROM `key_indices`[0m
  [4;36;1mSQL (13.9ms)[0m   [0;1mCREATE UNIQUE INDEX `index_key_indices_on_key_hash_and_key` ON `key_indices` (`key_hash`, `key`)[0m
  [4;35;1mSQL (0.3ms)[0m   [0mINSERT INTO schema_migrations (version) VALUES ('20120322215230')[0m
  [4;36;1mSQL (0.2ms)[0m   [0;1mSHOW TABLES[0m
  [4;35;1mSQL (0.1ms)[0m   [0mSELECT version FROM schema_migrations[0m
  [4;36;1mSQL (0.2ms)[0m   [0;1mSHOW TABLES[0m
  [4;35;1mSQL (0.9ms)[0m   [0mSHOW FIELDS FROM `key_indices`[0m
  [4;36;1mSQL (0.8ms)[0m   [0;1mdescribe `key_indices`[0m
  [4;35;1mSQL (0.2ms)[0m   [0mSHOW KEYS FROM `key_indices`[0m
  [4;36;1mSQL (0.1ms)[0m   [0;1mSET SQL_AUTO_IS_NULL=0[0m
  [4;35;1mSQL (0.2ms)[0m   [0mSHOW TABLES[0m
  [4;36;1mSQL (0.1ms)[0m   [0;1mSELECT version FROM schema_migrations[0m
  [4;35;1mSQL (0.1ms)[0m   [0mSHOW TABLES[0m
  [4;36;1mSQL (0.1ms)[0m   [0;1mSELECT version FROM schema_migrations[0m
Migrating to CreateKeyIndices (20120322215230)
  [4;35;1mSQL (2.6ms)[0m   [0mDROP TABLE `key_indices`[0m
  [4;36;1mSQL (0.3ms)[0m   [0;1mDELETE FROM schema_migrations WHERE version = '20120322215230'[0m
  [4;35;1mSQL (0.2ms)[0m   [0mSHOW TABLES[0m
  [4;36;1mSQL (0.1ms)[0m   [0;1mSELECT version FROM schema_migrations[0m
  [4;35;1mSQL (0.2ms)[0m   [0mSHOW TABLES[0m
  [4;36;1mSQL (0.2ms)[0m   [0;1mSHOW TABLES[0m
  [4;35;1mSQL (0.1ms)[0m   [0mSELECT version FROM schema_migrations[0m
Migrating to CreateKeyIndices (20120322215230)
  [4;36;1mSQL (9.1ms)[0m   [0;1m CREATE TABLE `key_indices` (
 `key` varchar(255) COLLATE utf8_unicode_ci NOT NULL,
 `key_hash` int(11) unsigned NOT NULL,
 `data_type` tinyint(3) unsigned NOT NULL,
 `expires_at` datetime DEFAULT NULL,
 `created_at` datetime DEFAULT NULL,
 `updated_at` datetime DEFAULT NULL
 ) ENGINE=InnoDB DEFAULT CHARSET=utf8 COLLATE=utf8_unicode_ci
[0m
  [4;35;1mSQL (0.2ms)[0m   [0mSHOW KEYS FROM `key_indices`[0m
  [4;36;1mSQL (10.6ms)[0m   [0;1mCREATE UNIQUE INDEX `index_key_indices_on_key_hash_and_key` ON `key_indices` (`key_hash`, `key`)[0m
  [4;35;1mSQL (0.2ms)[0m   [0mINSERT INTO schema_migrations (version) VALUES ('20120322215230')[0m
  [4;36;1mSQL (0.2ms)[0m   [0;1mSHOW TABLES[0m
  [4;35;1mSQL (0.1ms)[0m   [0mSELECT version FROM schema_migrations[0m
  [4;36;1mSQL (0.2ms)[0m   [0;1mSHOW TABLES[0m
  [4;35;1mSQL (0.9ms)[0m   [0mSHOW FIELDS FROM `key_indices`[0m
  [4;36;1mSQL (0.8ms)[0m   [0;1mdescribe `key_indices`[0m
  [4;35;1mSQL (0.1ms)[0m   [0mSHOW KEYS FROM `key_indices`[0m
  [4;36;1mSQL (0.1ms)[0m   [0;1mSET SQL_AUTO_IS_NULL=0[0m
  [4;35;1mSQL (0.2ms)[0m   [0mSHOW TABLES[0m
  [4;36;1mSQL (0.1ms)[0m   [0;1mSELECT version FROM schema_migrations[0m
  [4;35;1mSQL (0.1ms)[0m   [0mSHOW TABLES[0m
  [4;36;1mSQL (0.1ms)[0m   [0;1mSELECT version FROM schema_migrations[0m
Migrating to CreateKeyIndices (20120322215230)
  [4;35;1mSQL (1.6ms)[0m   [0mDROP TABLE `key_indices`[0m
  [4;36;1mSQL (0.3ms)[0m   [0;1mDELETE FROM schema_migrations WHERE version = '20120322215230'[0m
  [4;35;1mSQL (0.2ms)[0m   [0mSHOW TABLES[0m
  [4;36;1mSQL (0.1ms)[0m   [0;1mSELECT version FROM schema_migrations[0m
  [4;35;1mSQL (0.1ms)[0m   [0mSHOW TABLES[0m
  [4;36;1mSQL (0.1ms)[0m   [0;1mSHOW TABLES[0m
  [4;35;1mSQL (0.1ms)[0m   [0mSELECT version FROM schema_migrations[0m
Migrating to CreateKeyIndices (20120322215230)
  [4;36;1mSQL (22.2ms)[0m   [0;1m CREATE TABLE `key_indices` (
 `key` varchar(255) COLLATE utf8_unicode_ci NOT NULL,
 `key_hash` char(32) COLLATE utf8_unicode_ci NOT NULL,
 `data_type` tinyint(3) unsigned NOT NULL,
 `expires_at` datetime DEFAULT NULL,
 `created_at` datetime DEFAULT NULL,
 `updated_at` datetime DEFAULT NULL
 ) ENGINE=InnoDB DEFAULT CHARSET=utf8 COLLATE=utf8_unicode_ci
[0m
  [4;35;1mSQL (0.2ms)[0m   [0mSHOW KEYS FROM `key_indices`[0m
  [4;36;1mSQL (12.8ms)[0m   [0;1mCREATE UNIQUE INDEX `index_key_indices_on_key_hash_and_key` ON `key_indices` (`key_hash`, `key`)[0m
  [4;35;1mSQL (0.3ms)[0m   [0mINSERT INTO schema_migrations (version) VALUES ('20120322215230')[0m
  [4;36;1mSQL (0.2ms)[0m   [0;1mSHOW TABLES[0m
  [4;35;1mSQL (0.1ms)[0m   [0mSELECT version FROM schema_migrations[0m
  [4;36;1mSQL (0.2ms)[0m   [0;1mSHOW TABLES[0m
  [4;35;1mSQL (1.0ms)[0m   [0mSHOW FIELDS FROM `key_indices`[0m
  [4;36;1mSQL (1.0ms)[0m   [0;1mdescribe `key_indices`[0m
  [4;35;1mSQL (0.2ms)[0m   [0mSHOW KEYS FROM `key_indices`[0m
  [4;36;1mSQL (0.1ms)[0m   [0;1mSET SQL_AUTO_IS_NULL=0[0m
  [4;35;1mSQL (0.2ms)[0m   [0mSHOW TABLES[0m
  [4;36;1mSQL (0.1ms)[0m   [0;1mSELECT version FROM schema_migrations[0m
  [4;35;1mSQL (0.0ms)[0m   [0mSET SQL_AUTO_IS_NULL=0[0m
  [4;36;1mSQL (3.7ms)[0m   [0;1mDROP DATABASE IF EXISTS `kv_test`[0m
  [4;35;1mSQL (0.2ms)[0m   [0mCREATE DATABASE `kv_test` DEFAULT CHARACTER SET `utf8`[0m
  [4;36;1mSQL (0.0ms)[0m   [0;1mSET SQL_AUTO_IS_NULL=0[0m
  [4;35;1mSQL (0.2ms)[0m   [0mSHOW TABLES[0m
  [4;36;1mSQL (19.8ms)[0m   [0;1mCREATE TABLE `key_indices` (`key` varchar(255) NOT NULL, `key_hash` varchar(32) NOT NULL, `data_type` tinyint NOT NULL, `expires_at` datetime, `created_at` datetime, `updated_at` datetime) ENGINE=InnoDB[0m
  [4;35;1mSQL (0.2ms)[0m   [0mSHOW KEYS FROM `key_indices`[0m
  [4;36;1mSQL (19.4ms)[0m   [0;1mCREATE UNIQUE INDEX `index_key_indices_on_key_hash_and_key` ON `key_indices` (`key_hash`, `key`)[0m
  [4;35;1mSQL (0.2ms)[0m   [0mSHOW TABLES[0m
  [4;36;1mSQL (10.1ms)[0m   [0;1mCREATE TABLE `schema_migrations` (`version` varchar(255) NOT NULL) ENGINE=InnoDB[0m
  [4;35;1mSQL (0.2ms)[0m   [0mSHOW KEYS FROM `schema_migrations`[0m
  [4;36;1mSQL (11.4ms)[0m   [0;1mCREATE UNIQUE INDEX `unique_schema_migrations` ON `schema_migrations` (`version`)[0m
  [4;35;1mSQL (0.2ms)[0m   [0mSHOW TABLES[0m
  [4;36;1mSQL (0.1ms)[0m   [0;1mSELECT version FROM `schema_migrations`[0m
  [4;35;1mSQL (0.2ms)[0m   [0mINSERT INTO `schema_migrations` (version) VALUES ('20120322215230')[0m
  [4;36;1mSQL (0.1ms)[0m   [0;1mSET SQL_AUTO_IS_NULL=0[0m
  [4;35;1mSQL (0.2ms)[0m   [0mSHOW TABLES[0m
  [4;36;1mSQL (0.1ms)[0m   [0;1mSELECT version FROM schema_migrations[0m
  [4;35;1mSQL (0.0ms)[0m   [0mSET SQL_AUTO_IS_NULL=0[0m
  [4;36;1mSQL (3.4ms)[0m   [0;1mDROP DATABASE IF EXISTS `kv_test`[0m
  [4;35;1mSQL (0.2ms)[0m   [0mCREATE DATABASE `kv_test` DEFAULT CHARACTER SET `utf8`[0m
  [4;36;1mSQL (0.1ms)[0m   [0;1mSET SQL_AUTO_IS_NULL=0[0m
  [4;35;1mSQL (0.1ms)[0m   [0mSHOW TABLES[0m
  [4;36;1mSQL (7.8ms)[0m   [0;1mCREATE TABLE `key_indices` (`key` varchar(255) NOT NULL, `key_hash` varchar(32) NOT NULL, `data_type` tinyint NOT NULL, `expires_at` datetime, `created_at` datetime, `updated_at` datetime) ENGINE=InnoDB[0m
  [4;35;1mSQL (0.2ms)[0m   [0mSHOW KEYS FROM `key_indices`[0m
  [4;36;1mSQL (11.1ms)[0m   [0;1mCREATE UNIQUE INDEX `index_key_indices_on_key_hash_and_key` ON `key_indices` (`key_hash`, `key`)[0m
  [4;35;1mSQL (0.2ms)[0m   [0mSHOW TABLES[0m
  [4;36;1mSQL (14.7ms)[0m   [0;1mCREATE TABLE `schema_migrations` (`version` varchar(255) NOT NULL) ENGINE=InnoDB[0m
  [4;35;1mSQL (0.2ms)[0m   [0mSHOW KEYS FROM `schema_migrations`[0m
  [4;36;1mSQL (11.7ms)[0m   [0;1mCREATE UNIQUE INDEX `unique_schema_migrations` ON `schema_migrations` (`version`)[0m
  [4;35;1mSQL (0.2ms)[0m   [0mSHOW TABLES[0m
  [4;36;1mSQL (0.1ms)[0m   [0;1mSELECT version FROM `schema_migrations`[0m
  [4;35;1mSQL (0.2ms)[0m   [0mINSERT INTO `schema_migrations` (version) VALUES ('20120322215230')[0m
  [4;36;1mSQL (0.1ms)[0m   [0;1mSET SQL_AUTO_IS_NULL=0[0m
  [4;35;1mSQL (0.2ms)[0m   [0mSHOW TABLES[0m
  [4;36;1mSQL (0.2ms)[0m   [0;1mSELECT version FROM schema_migrations[0m
  [4;35;1mSQL (0.1ms)[0m   [0mSET SQL_AUTO_IS_NULL=0[0m
  [4;36;1mSQL (2.5ms)[0m   [0;1mDROP DATABASE IF EXISTS `kv_test`[0m
  [4;35;1mSQL (0.2ms)[0m   [0mCREATE DATABASE `kv_test` DEFAULT CHARACTER SET `utf8`[0m
  [4;36;1mSQL (0.0ms)[0m   [0;1mSET SQL_AUTO_IS_NULL=0[0m
  [4;35;1mSQL (0.1ms)[0m   [0mSHOW TABLES[0m
  [4;36;1mSQL (12.9ms)[0m   [0;1mCREATE TABLE `key_indices` (`key` varchar(255) NOT NULL, `key_hash` varchar(32) NOT NULL, `data_type` tinyint NOT NULL, `expires_at` datetime, `created_at` datetime, `updated_at` datetime) ENGINE=InnoDB[0m
  [4;35;1mSQL (0.2ms)[0m   [0mSHOW KEYS FROM `key_indices`[0m
  [4;36;1mSQL (12.3ms)[0m   [0;1mCREATE UNIQUE INDEX `index_key_indices_on_key_hash_and_key` ON `key_indices` (`key_hash`, `key`)[0m
  [4;35;1mSQL (0.2ms)[0m   [0mSHOW TABLES[0m
  [4;36;1mSQL (9.4ms)[0m   [0;1mCREATE TABLE `schema_migrations` (`version` varchar(255) NOT NULL) ENGINE=InnoDB[0m
  [4;35;1mSQL (0.3ms)[0m   [0mSHOW KEYS FROM `schema_migrations`[0m
  [4;36;1mSQL (10.2ms)[0m   [0;1mCREATE UNIQUE INDEX `unique_schema_migrations` ON `schema_migrations` (`version`)[0m
  [4;35;1mSQL (0.2ms)[0m   [0mSHOW TABLES[0m
  [4;36;1mSQL (0.1ms)[0m   [0;1mSELECT version FROM `schema_migrations`[0m
  [4;35;1mSQL (0.2ms)[0m   [0mINSERT INTO `schema_migrations` (version) VALUES ('20120322215230')[0m
  [4;36;1mSQL (0.1ms)[0m   [0;1mSET SQL_AUTO_IS_NULL=0[0m
  [4;35;1mSQL (0.3ms)[0m   [0mSHOW TABLES[0m
  [4;36;1mSQL (15.8ms)[0m   [0;1mCREATE TABLE `schema_migrations` (`version` varchar(255) NOT NULL) ENGINE=InnoDB[0m
  [4;35;1mSQL (0.3ms)[0m   [0mSHOW KEYS FROM `schema_migrations`[0m
  [4;36;1mSQL (12.0ms)[0m   [0;1mCREATE UNIQUE INDEX `unique_schema_migrations` ON `schema_migrations` (`version`)[0m
  [4;35;1mSQL (0.3ms)[0m   [0mSHOW TABLES[0m
  [4;36;1mSQL (0.1ms)[0m   [0;1mSELECT version FROM schema_migrations[0m
Migrating to CreateKeyIndices (20120322215230)
  [4;35;1mSQL (0.0ms)[0m   [0mMysql::Error: You have an error in your SQL syntax; check the manual that corresponds to your MySQL server version for the right syntax to use near '`key` varchar(255) COLLATE utf8_unicode_ci NOT NULL,
 `key_hash` char(32) C' at line 3: CREATE TABLE `key_indices` (
 `id` integer auto_increment
 `key` varchar(255) COLLATE utf8_unicode_ci NOT NULL,
 `key_hash` char(32) COLLATE utf8_unicode_ci NOT NULL,
 `data_type` tinyint(3) unsigned NOT NULL,
 `expires_at` datetime DEFAULT NULL,
 `created_at` datetime DEFAULT NULL,
 `updated_at` datetime DEFAULT NULL,
 PRIMARY KEY `id`
 ) ENGINE=InnoDB DEFAULT CHARSET=utf8 COLLATE=utf8_unicode_ci
[0m
  [4;36;1mSQL (0.1ms)[0m   [0;1mSET SQL_AUTO_IS_NULL=0[0m
  [4;35;1mSQL (0.2ms)[0m   [0mSHOW TABLES[0m
  [4;36;1mSQL (13.8ms)[0m   [0;1mCREATE TABLE `schema_migrations` (`version` varchar(255) NOT NULL) ENGINE=InnoDB[0m
  [4;35;1mSQL (0.2ms)[0m   [0mSHOW KEYS FROM `schema_migrations`[0m
  [4;36;1mSQL (12.4ms)[0m   [0;1mCREATE UNIQUE INDEX `unique_schema_migrations` ON `schema_migrations` (`version`)[0m
  [4;35;1mSQL (0.2ms)[0m   [0mSHOW TABLES[0m
  [4;36;1mSQL (0.1ms)[0m   [0;1mSELECT version FROM schema_migrations[0m
Migrating to CreateKeyIndices (20120322215230)
  [4;35;1mSQL (0.0ms)[0m   [0mMysql::Error: You have an error in your SQL syntax; check the manual that corresponds to your MySQL server version for the right syntax to use near ') ENGINE=InnoDB DEFAULT CHARSET=utf8 COLLATE=utf8_unicode_ci' at line 10: CREATE TABLE `key_indices` (
 `id` integer auto_increment,
 `key` varchar(255) COLLATE utf8_unicode_ci NOT NULL,
 `key_hash` char(32) COLLATE utf8_unicode_ci NOT NULL,
 `data_type` tinyint(3) unsigned NOT NULL,
 `expires_at` datetime DEFAULT NULL,
 `created_at` datetime DEFAULT NULL,
 `updated_at` datetime DEFAULT NULL,
 PRIMARY KEY `id`
 ) ENGINE=InnoDB DEFAULT CHARSET=utf8 COLLATE=utf8_unicode_ci
[0m
  [4;36;1mSQL (0.1ms)[0m   [0;1mSET SQL_AUTO_IS_NULL=0[0m
  [4;35;1mSQL (0.2ms)[0m   [0mSHOW TABLES[0m
  [4;36;1mSQL (12.4ms)[0m   [0;1mCREATE TABLE `schema_migrations` (`version` varchar(255) NOT NULL) ENGINE=InnoDB[0m
  [4;35;1mSQL (0.2ms)[0m   [0mSHOW KEYS FROM `schema_migrations`[0m
  [4;36;1mSQL (20.3ms)[0m   [0;1mCREATE UNIQUE INDEX `unique_schema_migrations` ON `schema_migrations` (`version`)[0m
  [4;35;1mSQL (0.2ms)[0m   [0mSHOW TABLES[0m
  [4;36;1mSQL (0.1ms)[0m   [0;1mSELECT version FROM schema_migrations[0m
Migrating to CreateKeyIndices (20120322215230)
  [4;35;1mSQL (0.0ms)[0m   [0mMysql::Error: You have an error in your SQL syntax; check the manual that corresponds to your MySQL server version for the right syntax to use near ') ENGINE=InnoDB DEFAULT CHARSET=utf8 COLLATE=utf8_unicode_ci' at line 9: CREATE TABLE `key_indices` (
 `key` varchar(255) COLLATE utf8_unicode_ci NOT NULL,
 `key_hash` char(32) COLLATE utf8_unicode_ci NOT NULL,
 `data_type` tinyint(3) unsigned NOT NULL,
 `expires_at` datetime DEFAULT NULL,
 `created_at` datetime DEFAULT NULL,
 `updated_at` datetime DEFAULT NULL,
 PRIMARY KEY `id`
 ) ENGINE=InnoDB DEFAULT CHARSET=utf8 COLLATE=utf8_unicode_ci
[0m
  [4;36;1mSQL (0.1ms)[0m   [0;1mSET SQL_AUTO_IS_NULL=0[0m
  [4;35;1mSQL (0.2ms)[0m   [0mSHOW TABLES[0m
  [4;36;1mSQL (14.4ms)[0m   [0;1mCREATE TABLE `schema_migrations` (`version` varchar(255) NOT NULL) ENGINE=InnoDB[0m
  [4;35;1mSQL (0.2ms)[0m   [0mSHOW KEYS FROM `schema_migrations`[0m
  [4;36;1mSQL (13.4ms)[0m   [0;1mCREATE UNIQUE INDEX `unique_schema_migrations` ON `schema_migrations` (`version`)[0m
  [4;35;1mSQL (0.2ms)[0m   [0mSHOW TABLES[0m
  [4;36;1mSQL (0.1ms)[0m   [0;1mSELECT version FROM schema_migrations[0m
Migrating to CreateKeyIndices (20120322215230)
  [4;35;1mSQL (10.2ms)[0m   [0m CREATE TABLE `key_indices` (
 `id` int(11) NOT NULL AUTO_INCREMENT,
 `key` varchar(255) COLLATE utf8_unicode_ci NOT NULL,
 `key_hash` char(32) COLLATE utf8_unicode_ci NOT NULL,
 `data_type` tinyint(3) unsigned NOT NULL,
 `expires_at` datetime DEFAULT NULL,
 `created_at` datetime DEFAULT NULL,
 `updated_at` datetime DEFAULT NULL,
 PRIMARY KEY (`id`)
 ) ENGINE=InnoDB DEFAULT CHARSET=utf8 COLLATE=utf8_unicode_ci
[0m
  [4;36;1mSQL (0.3ms)[0m   [0;1mSHOW KEYS FROM `key_indices`[0m
  [4;35;1mSQL (10.3ms)[0m   [0mCREATE UNIQUE INDEX `index_key_indices_on_key_hash_and_key` ON `key_indices` (`key_hash`, `key`)[0m
  [4;36;1mSQL (0.3ms)[0m   [0;1mINSERT INTO schema_migrations (version) VALUES ('20120322215230')[0m
Migrating to CreateKeyValueIntegers (20120323000511)
  [4;35;1mSQL (9.2ms)[0m   [0mCREATE TABLE `key_value_integers` (`id` int(11) DEFAULT NULL auto_increment PRIMARY KEY, `created_at` datetime, `updated_at` datetime) ENGINE=InnoDB[0m
  [4;36;1mSQL (0.2ms)[0m   [0;1mINSERT INTO schema_migrations (version) VALUES ('20120323000511')[0m
Migrating to CreateKeyValueStrings (20120323000521)
  [4;35;1mSQL (7.9ms)[0m   [0mCREATE TABLE `key_value_strings` (`id` int(11) DEFAULT NULL auto_increment PRIMARY KEY, `created_at` datetime, `updated_at` datetime) ENGINE=InnoDB[0m
  [4;36;1mSQL (0.2ms)[0m   [0;1mINSERT INTO schema_migrations (version) VALUES ('20120323000521')[0m
  [4;35;1mSQL (0.2ms)[0m   [0mSHOW TABLES[0m
  [4;36;1mSQL (0.1ms)[0m   [0;1mSELECT version FROM schema_migrations[0m
  [4;35;1mSQL (0.2ms)[0m   [0mSHOW TABLES[0m
  [4;36;1mSQL (1.0ms)[0m   [0;1mSHOW FIELDS FROM `key_indices`[0m
  [4;35;1mSQL (1.0ms)[0m   [0mdescribe `key_indices`[0m
  [4;36;1mSQL (0.2ms)[0m   [0;1mSHOW KEYS FROM `key_indices`[0m
  [4;35;1mSQL (1.1ms)[0m   [0mSHOW FIELDS FROM `key_value_integers`[0m
  [4;36;1mSQL (0.8ms)[0m   [0;1mdescribe `key_value_integers`[0m
  [4;35;1mSQL (0.1ms)[0m   [0mSHOW KEYS FROM `key_value_integers`[0m
  [4;36;1mSQL (0.7ms)[0m   [0;1mSHOW FIELDS FROM `key_value_strings`[0m
  [4;35;1mSQL (0.6ms)[0m   [0mdescribe `key_value_strings`[0m
  [4;36;1mSQL (0.1ms)[0m   [0;1mSHOW KEYS FROM `key_value_strings`[0m
  [4;36;1mSQL (0.1ms)[0m   [0;1mSET SQL_AUTO_IS_NULL=0[0m
  [4;35;1mSQL (0.2ms)[0m   [0mSHOW TABLES[0m
  [4;36;1mSQL (19.7ms)[0m   [0;1mCREATE TABLE `schema_migrations` (`version` varchar(255) NOT NULL) ENGINE=InnoDB[0m
  [4;35;1mSQL (0.2ms)[0m   [0mSHOW KEYS FROM `schema_migrations`[0m
  [4;36;1mSQL (12.9ms)[0m   [0;1mCREATE UNIQUE INDEX `unique_schema_migrations` ON `schema_migrations` (`version`)[0m
  [4;35;1mSQL (0.2ms)[0m   [0mSHOW TABLES[0m
  [4;36;1mSQL (0.1ms)[0m   [0;1mSELECT version FROM schema_migrations[0m
Migrating to CreateKeyIndices (20120322215230)
  [4;35;1mSQL (15.5ms)[0m   [0m CREATE TABLE `key_indices` (
 `id` int(11) NOT NULL AUTO_INCREMENT,
 `key` varchar(255) COLLATE utf8_unicode_ci NOT NULL,
 `key_hash` char(32) COLLATE utf8_unicode_ci NOT NULL,
 `data_type` tinyint(3) unsigned NOT NULL,
 `expires_at` datetime DEFAULT NULL,
 `created_at` datetime DEFAULT NULL,
 `updated_at` datetime DEFAULT NULL,
 PRIMARY KEY (`id`)
 ) ENGINE=InnoDB DEFAULT CHARSET=utf8 COLLATE=utf8_unicode_ci
[0m
  [4;36;1mSQL (0.3ms)[0m   [0;1mSHOW KEYS FROM `key_indices`[0m
  [4;35;1mSQL (10.6ms)[0m   [0mCREATE UNIQUE INDEX `index_key_indices_on_key_hash_and_key` ON `key_indices` (`key_hash`, `key`)[0m
  [4;36;1mSQL (0.4ms)[0m   [0;1mINSERT INTO schema_migrations (version) VALUES ('20120322215230')[0m
Migrating to CreateKeyValueIntegers (20120323000511)
  [4;35;1mSQL (9.0ms)[0m   [0mCREATE TABLE `key_value_integers` (`id` int(11) DEFAULT NULL auto_increment PRIMARY KEY, `key_index_id` int(11), `value` int(11) NOT NULL, `created_at` datetime, `updated_at` datetime) ENGINE=InnoDB[0m
  [4;36;1mSQL (0.3ms)[0m   [0;1mSHOW KEYS FROM `key_value_integers`[0m
  [4;35;1mSQL (10.8ms)[0m   [0mCREATE INDEX `index_key_value_integers_on_key_index_id` ON `key_value_integers` (`key_index_id`)[0m
  [4;36;1mSQL (0.3ms)[0m   [0;1mINSERT INTO schema_migrations (version) VALUES ('20120323000511')[0m
Migrating to CreateKeyValueStrings (20120323000521)
  [4;35;1mSQL (10.3ms)[0m   [0mCREATE TABLE `key_value_strings` (`id` int(11) DEFAULT NULL auto_increment PRIMARY KEY, `key_index_id` int(11), `value` varchar(255) NOT NULL, `created_at` datetime, `updated_at` datetime) ENGINE=InnoDB[0m
  [4;36;1mSQL (0.3ms)[0m   [0;1mSHOW KEYS FROM `key_value_strings`[0m
  [4;35;1mSQL (11.4ms)[0m   [0mCREATE INDEX `index_key_value_strings_on_key_index_id` ON `key_value_strings` (`key_index_id`)[0m
  [4;36;1mSQL (0.2ms)[0m   [0;1mINSERT INTO schema_migrations (version) VALUES ('20120323000521')[0m
  [4;35;1mSQL (0.3ms)[0m   [0mSHOW TABLES[0m
  [4;36;1mSQL (0.1ms)[0m   [0;1mSELECT version FROM schema_migrations[0m
  [4;35;1mSQL (0.2ms)[0m   [0mSHOW TABLES[0m
  [4;36;1mSQL (1.0ms)[0m   [0;1mSHOW FIELDS FROM `key_indices`[0m
  [4;35;1mSQL (0.8ms)[0m   [0mdescribe `key_indices`[0m
  [4;36;1mSQL (0.2ms)[0m   [0;1mSHOW KEYS FROM `key_indices`[0m
  [4;35;1mSQL (0.8ms)[0m   [0mSHOW FIELDS FROM `key_value_integers`[0m
  [4;36;1mSQL (0.8ms)[0m   [0;1mdescribe `key_value_integers`[0m
  [4;35;1mSQL (0.1ms)[0m   [0mSHOW KEYS FROM `key_value_integers`[0m
  [4;36;1mSQL (0.8ms)[0m   [0;1mSHOW FIELDS FROM `key_value_strings`[0m
  [4;35;1mSQL (0.8ms)[0m   [0mdescribe `key_value_strings`[0m
  [4;36;1mSQL (0.1ms)[0m   [0;1mSHOW KEYS FROM `key_value_strings`[0m
  [4;36;1mSQL (0.1ms)[0m   [0;1mSET SQL_AUTO_IS_NULL=0[0m
  [4;35;1mSQL (0.2ms)[0m   [0mSHOW TABLES[0m
  [4;36;1mSQL (19.2ms)[0m   [0;1mCREATE TABLE `schema_migrations` (`version` varchar(255) NOT NULL) ENGINE=InnoDB[0m
  [4;35;1mSQL (0.3ms)[0m   [0mSHOW KEYS FROM `schema_migrations`[0m
  [4;36;1mSQL (11.9ms)[0m   [0;1mCREATE UNIQUE INDEX `unique_schema_migrations` ON `schema_migrations` (`version`)[0m
  [4;35;1mSQL (0.2ms)[0m   [0mSHOW TABLES[0m
  [4;36;1mSQL (0.1ms)[0m   [0;1mSELECT version FROM schema_migrations[0m
Migrating to CreateKeyIndices (20120322215230)
  [4;35;1mSQL (9.9ms)[0m   [0m CREATE TABLE `key_indices` (
 `id` int(11) NOT NULL AUTO_INCREMENT,
 `key` varchar(255) COLLATE utf8_unicode_ci NOT NULL,
 `key_hash` char(32) COLLATE utf8_unicode_ci NOT NULL,
 `data_type` tinyint(3) unsigned NOT NULL,
 `expires_at` datetime DEFAULT NULL,
 `created_at` datetime DEFAULT NULL,
 `updated_at` datetime DEFAULT NULL,
 PRIMARY KEY (`id`)
 ) ENGINE=InnoDB DEFAULT CHARSET=utf8 COLLATE=utf8_unicode_ci
[0m
  [4;36;1mSQL (0.2ms)[0m   [0;1mSHOW KEYS FROM `key_indices`[0m
  [4;35;1mSQL (10.4ms)[0m   [0mCREATE UNIQUE INDEX `index_key_indices_on_key_hash_and_key` ON `key_indices` (`key_hash`, `key`)[0m
  [4;36;1mSQL (0.2ms)[0m   [0;1mSHOW KEYS FROM `key_indices`[0m
  [4;35;1mSQL (25.0ms)[0m   [0mCREATE INDEX `index_key_indices_on_expires_at` ON `key_indices` (`expires_at`)[0m
  [4;36;1mSQL (0.3ms)[0m   [0;1mINSERT INTO schema_migrations (version) VALUES ('20120322215230')[0m
Migrating to CreateKeyValueIntegers (20120323000511)
  [4;35;1mSQL (9.7ms)[0m   [0mCREATE TABLE `key_value_integers` (`id` int(11) DEFAULT NULL auto_increment PRIMARY KEY, `key_index_id` int(11), `value` int(11) NOT NULL) ENGINE=InnoDB[0m
  [4;36;1mSQL (0.3ms)[0m   [0;1mSHOW KEYS FROM `key_value_integers`[0m
  [4;35;1mSQL (10.7ms)[0m   [0mCREATE INDEX `index_key_value_integers_on_key_index_id` ON `key_value_integers` (`key_index_id`)[0m
  [4;36;1mSQL (0.3ms)[0m   [0;1mINSERT INTO schema_migrations (version) VALUES ('20120323000511')[0m
Migrating to CreateKeyValueStrings (20120323000521)
  [4;35;1mSQL (9.6ms)[0m   [0mCREATE TABLE `key_value_strings` (`id` int(11) DEFAULT NULL auto_increment PRIMARY KEY, `key_index_id` int(11), `value` varchar(255) NOT NULL) ENGINE=InnoDB[0m
  [4;36;1mSQL (0.3ms)[0m   [0;1mSHOW KEYS FROM `key_value_strings`[0m
  [4;35;1mSQL (11.5ms)[0m   [0mCREATE INDEX `index_key_value_strings_on_key_index_id` ON `key_value_strings` (`key_index_id`)[0m
  [4;36;1mSQL (0.3ms)[0m   [0;1mINSERT INTO schema_migrations (version) VALUES ('20120323000521')[0m
  [4;35;1mSQL (0.2ms)[0m   [0mSHOW TABLES[0m
  [4;36;1mSQL (0.1ms)[0m   [0;1mSELECT version FROM schema_migrations[0m
  [4;35;1mSQL (0.1ms)[0m   [0mSHOW TABLES[0m
  [4;36;1mSQL (1.0ms)[0m   [0;1mSHOW FIELDS FROM `key_indices`[0m
  [4;35;1mSQL (0.9ms)[0m   [0mdescribe `key_indices`[0m
  [4;36;1mSQL (0.2ms)[0m   [0;1mSHOW KEYS FROM `key_indices`[0m
  [4;35;1mSQL (0.7ms)[0m   [0mSHOW FIELDS FROM `key_value_integers`[0m
  [4;36;1mSQL (0.7ms)[0m   [0;1mdescribe `key_value_integers`[0m
  [4;35;1mSQL (0.2ms)[0m   [0mSHOW KEYS FROM `key_value_integers`[0m
  [4;36;1mSQL (0.7ms)[0m   [0;1mSHOW FIELDS FROM `key_value_strings`[0m
  [4;35;1mSQL (0.7ms)[0m   [0mdescribe `key_value_strings`[0m
  [4;36;1mSQL (0.1ms)[0m   [0;1mSHOW KEYS FROM `key_value_strings`[0m
  [4;36;1mSQL (0.1ms)[0m   [0;1mSET SQL_AUTO_IS_NULL=0[0m
  [4;35;1mSQL (0.2ms)[0m   [0mSHOW TABLES[0m
  [4;36;1mSQL (22.7ms)[0m   [0;1mCREATE TABLE `schema_migrations` (`version` varchar(255) NOT NULL) ENGINE=InnoDB[0m
  [4;35;1mSQL (0.2ms)[0m   [0mSHOW KEYS FROM `schema_migrations`[0m
  [4;36;1mSQL (13.1ms)[0m   [0;1mCREATE UNIQUE INDEX `unique_schema_migrations` ON `schema_migrations` (`version`)[0m
  [4;35;1mSQL (0.2ms)[0m   [0mSHOW TABLES[0m
  [4;36;1mSQL (0.1ms)[0m   [0;1mSELECT version FROM schema_migrations[0m
Migrating to CreateKeyIndices (20120322215230)
  [4;35;1mSQL (10.4ms)[0m   [0m CREATE TABLE `key_indices` (
 `id` int(11) NOT NULL AUTO_INCREMENT,
 `key` varchar(255) COLLATE utf8_unicode_ci NOT NULL,
 `key_hash` char(32) COLLATE utf8_unicode_ci NOT NULL,
 `data_type` tinyint(3) unsigned NOT NULL,
 `expires_at` datetime DEFAULT NULL,
 `created_at` datetime DEFAULT NULL,
 `updated_at` datetime DEFAULT NULL,
 PRIMARY KEY (`id`)
 ) ENGINE=InnoDB DEFAULT CHARSET=utf8 COLLATE=utf8_unicode_ci
[0m
  [4;36;1mSQL (0.2ms)[0m   [0;1mSHOW KEYS FROM `key_indices`[0m
  [4;35;1mSQL (10.1ms)[0m   [0mCREATE UNIQUE INDEX `index_key_indices_on_key_hash_and_key` ON `key_indices` (`key_hash`, `key`)[0m
  [4;36;1mSQL (0.2ms)[0m   [0;1mSHOW KEYS FROM `key_indices`[0m
  [4;35;1mSQL (12.4ms)[0m   [0mCREATE INDEX `index_key_indices_on_expires_at` ON `key_indices` (`expires_at`)[0m
  [4;36;1mSQL (0.3ms)[0m   [0;1mINSERT INTO schema_migrations (version) VALUES ('20120322215230')[0m
Migrating to CreateKeyValueIntegers (20120323000511)
  [4;35;1mSQL (11.2ms)[0m   [0mCREATE TABLE `key_value_integers` (`id` int(11) DEFAULT NULL auto_increment PRIMARY KEY, `key_index_id` int(11), `value` int(11) NOT NULL) ENGINE=InnoDB[0m
  [4;36;1mSQL (0.3ms)[0m   [0;1mSHOW KEYS FROM `key_value_integers`[0m
  [4;35;1mSQL (11.1ms)[0m   [0mCREATE INDEX `index_key_value_integers_on_key_index_id` ON `key_value_integers` (`key_index_id`)[0m
  [4;36;1mSQL (0.3ms)[0m   [0;1mINSERT INTO schema_migrations (version) VALUES ('20120323000511')[0m
Migrating to CreateKeyValueStrings (20120323000521)
  [4;35;1mSQL (9.6ms)[0m   [0mCREATE TABLE `key_value_strings` (`key_index_id` int(11), `value` varchar(255) NOT NULL) ENGINE=InnoDB[0m
  [4;36;1mSQL (0.2ms)[0m   [0;1mSHOW KEYS FROM `key_value_strings`[0m
  [4;35;1mSQL (11.1ms)[0m   [0mCREATE INDEX `index_key_value_strings_on_key_index_id` ON `key_value_strings` (`key_index_id`)[0m
  [4;36;1mSQL (0.2ms)[0m   [0;1mINSERT INTO schema_migrations (version) VALUES ('20120323000521')[0m
  [4;35;1mSQL (0.2ms)[0m   [0mSHOW TABLES[0m
  [4;36;1mSQL (0.1ms)[0m   [0;1mSELECT version FROM schema_migrations[0m
  [4;35;1mSQL (0.1ms)[0m   [0mSHOW TABLES[0m
  [4;36;1mSQL (1.0ms)[0m   [0;1mSHOW FIELDS FROM `key_indices`[0m
  [4;35;1mSQL (0.9ms)[0m   [0mdescribe `key_indices`[0m
  [4;36;1mSQL (0.2ms)[0m   [0;1mSHOW KEYS FROM `key_indices`[0m
  [4;35;1mSQL (0.7ms)[0m   [0mSHOW FIELDS FROM `key_value_integers`[0m
  [4;36;1mSQL (0.7ms)[0m   [0;1mdescribe `key_value_integers`[0m
  [4;35;1mSQL (0.1ms)[0m   [0mSHOW KEYS FROM `key_value_integers`[0m
  [4;36;1mSQL (0.7ms)[0m   [0;1mSHOW FIELDS FROM `key_value_strings`[0m
  [4;35;1mSQL (0.6ms)[0m   [0mdescribe `key_value_strings`[0m
  [4;36;1mSQL (0.1ms)[0m   [0;1mSHOW KEYS FROM `key_value_strings`[0m
  [4;36;1mSQL (0.1ms)[0m   [0;1mSET SQL_AUTO_IS_NULL=0[0m
  [4;35;1mSQL (0.2ms)[0m   [0mSHOW TABLES[0m
  [4;36;1mSQL (13.0ms)[0m   [0;1mCREATE TABLE `schema_migrations` (`version` varchar(255) NOT NULL) ENGINE=InnoDB[0m
  [4;35;1mSQL (0.2ms)[0m   [0mSHOW KEYS FROM `schema_migrations`[0m
  [4;36;1mSQL (10.4ms)[0m   [0;1mCREATE UNIQUE INDEX `unique_schema_migrations` ON `schema_migrations` (`version`)[0m
  [4;35;1mSQL (0.2ms)[0m   [0mSHOW TABLES[0m
  [4;36;1mSQL (0.1ms)[0m   [0;1mSELECT version FROM schema_migrations[0m
Migrating to CreateKeyIndices (20120322215230)
  [4;35;1mSQL (9.4ms)[0m   [0m CREATE TABLE `key_indices` (
 `id` int(11) NOT NULL AUTO_INCREMENT,
 `key` varchar(255) COLLATE utf8_unicode_ci NOT NULL,
 `key_hash` char(32) COLLATE utf8_unicode_ci NOT NULL,
 `data_type` tinyint(3) unsigned NOT NULL,
 `expires_at` datetime DEFAULT NULL,
 `created_at` datetime DEFAULT NULL,
 `updated_at` datetime DEFAULT NULL,
 PRIMARY KEY (`id`)
 ) ENGINE=InnoDB DEFAULT CHARSET=utf8 COLLATE=utf8_unicode_ci
[0m
  [4;36;1mSQL (0.3ms)[0m   [0;1mSHOW KEYS FROM `key_indices`[0m
  [4;35;1mSQL (10.8ms)[0m   [0mCREATE UNIQUE INDEX `index_key_indices_on_key_hash_and_key` ON `key_indices` (`key_hash`, `key`)[0m
  [4;36;1mSQL (0.2ms)[0m   [0;1mSHOW KEYS FROM `key_indices`[0m
  [4;35;1mSQL (12.7ms)[0m   [0mCREATE INDEX `index_key_indices_on_expires_at` ON `key_indices` (`expires_at`)[0m
  [4;36;1mSQL (0.2ms)[0m   [0;1mINSERT INTO schema_migrations (version) VALUES ('20120322215230')[0m
Migrating to CreateKeyValueIntegers (20120323000511)
  [4;35;1mSQL (9.8ms)[0m   [0m CREATE TABLE `key_value_integers` (
 `key_index_id` int(11) NOT NULL,
 `value` bigint NOT NULL,
 PRIMARY KEY (`key_index_id`)
 ) ENGINE=InnoDB DEFAULT CHARSET=utf8 COLLATE=utf8_unicode_ci
[0m
  [4;36;1mSQL (0.3ms)[0m   [0;1mINSERT INTO schema_migrations (version) VALUES ('20120323000511')[0m
Migrating to CreateKeyValueStrings (20120323000521)
  [4;35;1mSQL (8.0ms)[0m   [0mCREATE TABLE `key_value_strings` (`key_index_id` int(11), `value` varchar(255) NOT NULL) ENGINE=InnoDB[0m
  [4;36;1mSQL (0.2ms)[0m   [0;1mSHOW KEYS FROM `key_value_strings`[0m
  [4;35;1mSQL (10.0ms)[0m   [0mCREATE INDEX `index_key_value_strings_on_key_index_id` ON `key_value_strings` (`key_index_id`)[0m
  [4;36;1mSQL (0.3ms)[0m   [0;1mINSERT INTO schema_migrations (version) VALUES ('20120323000521')[0m
  [4;35;1mSQL (0.2ms)[0m   [0mSHOW TABLES[0m
  [4;36;1mSQL (0.1ms)[0m   [0;1mSELECT version FROM schema_migrations[0m
  [4;35;1mSQL (0.2ms)[0m   [0mSHOW TABLES[0m
  [4;36;1mSQL (0.9ms)[0m   [0;1mSHOW FIELDS FROM `key_indices`[0m
  [4;35;1mSQL (0.8ms)[0m   [0mdescribe `key_indices`[0m
  [4;36;1mSQL (0.2ms)[0m   [0;1mSHOW KEYS FROM `key_indices`[0m
  [4;35;1mSQL (0.8ms)[0m   [0mSHOW FIELDS FROM `key_value_integers`[0m
  [4;36;1mSQL (0.6ms)[0m   [0;1mdescribe `key_value_integers`[0m
  [4;35;1mSQL (0.1ms)[0m   [0mSHOW KEYS FROM `key_value_integers`[0m
  [4;36;1mSQL (0.8ms)[0m   [0;1mSHOW FIELDS FROM `key_value_strings`[0m
  [4;35;1mSQL (0.8ms)[0m   [0mdescribe `key_value_strings`[0m
  [4;36;1mSQL (0.1ms)[0m   [0;1mSHOW KEYS FROM `key_value_strings`[0m
  [4;36;1mSQL (0.1ms)[0m   [0;1mSET SQL_AUTO_IS_NULL=0[0m
  [4;35;1mSQL (0.2ms)[0m   [0mSHOW TABLES[0m
  [4;36;1mSQL (23.7ms)[0m   [0;1mCREATE TABLE `schema_migrations` (`version` varchar(255) NOT NULL) ENGINE=InnoDB[0m
  [4;35;1mSQL (0.2ms)[0m   [0mSHOW KEYS FROM `schema_migrations`[0m
  [4;36;1mSQL (12.0ms)[0m   [0;1mCREATE UNIQUE INDEX `unique_schema_migrations` ON `schema_migrations` (`version`)[0m
  [4;35;1mSQL (0.3ms)[0m   [0mSHOW TABLES[0m
  [4;36;1mSQL (0.1ms)[0m   [0;1mSELECT version FROM schema_migrations[0m
Migrating to CreateKeyIndices (20120322215230)
  [4;35;1mSQL (10.0ms)[0m   [0m CREATE TABLE `key_indices` (
 `id` int(11) NOT NULL AUTO_INCREMENT,
 `key` varchar(255) COLLATE utf8_unicode_ci NOT NULL,
 `key_hash` char(32) COLLATE utf8_unicode_ci NOT NULL,
 `data_type` tinyint(3) unsigned NOT NULL,
 `expires_at` datetime DEFAULT NULL,
 `created_at` datetime DEFAULT NULL,
 `updated_at` datetime DEFAULT NULL,
 PRIMARY KEY (`id`)
 ) ENGINE=InnoDB DEFAULT CHARSET=utf8 COLLATE=utf8_unicode_ci
[0m
  [4;36;1mSQL (0.3ms)[0m   [0;1mSHOW KEYS FROM `key_indices`[0m
  [4;35;1mSQL (10.5ms)[0m   [0mCREATE UNIQUE INDEX `index_key_indices_on_key_hash_and_key` ON `key_indices` (`key_hash`, `key`)[0m
  [4;36;1mSQL (0.2ms)[0m   [0;1mSHOW KEYS FROM `key_indices`[0m
  [4;35;1mSQL (12.3ms)[0m   [0mCREATE INDEX `index_key_indices_on_expires_at` ON `key_indices` (`expires_at`)[0m
  [4;36;1mSQL (0.3ms)[0m   [0;1mINSERT INTO schema_migrations (version) VALUES ('20120322215230')[0m
Migrating to CreateKeyValueIntegers (20120323000511)
  [4;35;1mSQL (9.7ms)[0m   [0m CREATE TABLE `key_value_integers` (
 `key_index_id` int(11) NOT NULL,
 `value` bigint(20) NOT NULL,
 PRIMARY KEY (`key_index_id`)
 ) ENGINE=InnoDB DEFAULT CHARSET=utf8 COLLATE=utf8_unicode_ci
[0m
  [4;36;1mSQL (0.3ms)[0m   [0;1mINSERT INTO schema_migrations (version) VALUES ('20120323000511')[0m
Migrating to CreateKeyValueStrings (20120323000521)
  [4;35;1mSQL (8.0ms)[0m   [0m CREATE TABLE `key_value_strings` (
 `key_index_id` int(11) NOT NULL,
 `value` VARCHAR(255) NOT NULL,
 PRIMARY KEY (`key_index_id`)
 ) ENGINE=InnoDB DEFAULT CHARSET=utf8 COLLATE=utf8_unicode_ci
[0m
  [4;36;1mSQL (0.3ms)[0m   [0;1mINSERT INTO schema_migrations (version) VALUES ('20120323000521')[0m
  [4;35;1mSQL (0.3ms)[0m   [0mSHOW TABLES[0m
  [4;36;1mSQL (0.1ms)[0m   [0;1mSELECT version FROM schema_migrations[0m
  [4;35;1mSQL (0.1ms)[0m   [0mSHOW TABLES[0m
  [4;36;1mSQL (1.0ms)[0m   [0;1mSHOW FIELDS FROM `key_indices`[0m
  [4;35;1mSQL (0.9ms)[0m   [0mdescribe `key_indices`[0m
  [4;36;1mSQL (0.2ms)[0m   [0;1mSHOW KEYS FROM `key_indices`[0m
  [4;35;1mSQL (0.6ms)[0m   [0mSHOW FIELDS FROM `key_value_integers`[0m
  [4;36;1mSQL (0.6ms)[0m   [0;1mdescribe `key_value_integers`[0m
  [4;35;1mSQL (0.1ms)[0m   [0mSHOW KEYS FROM `key_value_integers`[0m
  [4;36;1mSQL (0.6ms)[0m   [0;1mSHOW FIELDS FROM `key_value_strings`[0m
  [4;35;1mSQL (0.6ms)[0m   [0mdescribe `key_value_strings`[0m
  [4;36;1mSQL (0.1ms)[0m   [0;1mSHOW KEYS FROM `key_value_strings`[0m
  [4;36;1mSQL (0.1ms)[0m   [0;1mSET SQL_AUTO_IS_NULL=0[0m
  [4;35;1mSQL (0.2ms)[0m   [0mSHOW TABLES[0m
  [4;36;1mSQL (13.6ms)[0m   [0;1mCREATE TABLE `schema_migrations` (`version` varchar(255) NOT NULL) ENGINE=InnoDB[0m
  [4;35;1mSQL (0.2ms)[0m   [0mSHOW KEYS FROM `schema_migrations`[0m
  [4;36;1mSQL (17.4ms)[0m   [0;1mCREATE UNIQUE INDEX `unique_schema_migrations` ON `schema_migrations` (`version`)[0m
  [4;35;1mSQL (0.2ms)[0m   [0mSHOW TABLES[0m
  [4;36;1mSQL (0.1ms)[0m   [0;1mSELECT version FROM schema_migrations[0m
Migrating to CreateKeyIndices (20120322215230)
  [4;35;1mSQL (9.9ms)[0m   [0m CREATE TABLE `key_indices` (
 `id` int(11) NOT NULL AUTO_INCREMENT,
 `key` varchar(255) COLLATE utf8_unicode_ci NOT NULL,
 `key_hash` char(32) COLLATE utf8_unicode_ci NOT NULL,
 `data_type` tinyint(3) unsigned NOT NULL,
 `expires_at` datetime DEFAULT NULL,
 `created_at` datetime DEFAULT NULL,
 `updated_at` datetime DEFAULT NULL,
 PRIMARY KEY (`id`)
 ) ENGINE=InnoDB DEFAULT CHARSET=utf8 COLLATE=utf8_unicode_ci
[0m
  [4;36;1mSQL (0.3ms)[0m   [0;1mSHOW KEYS FROM `key_indices`[0m
  [4;35;1mSQL (10.3ms)[0m   [0mCREATE UNIQUE INDEX `index_key_indices_on_key_hash_and_key` ON `key_indices` (`key_hash`, `key`)[0m
  [4;36;1mSQL (0.2ms)[0m   [0;1mSHOW KEYS FROM `key_indices`[0m
  [4;35;1mSQL (12.5ms)[0m   [0mCREATE INDEX `index_key_indices_on_expires_at` ON `key_indices` (`expires_at`)[0m
  [4;36;1mSQL (0.3ms)[0m   [0;1mINSERT INTO schema_migrations (version) VALUES ('20120322215230')[0m
Migrating to CreateKeyValueIntegers (20120323000511)
  [4;35;1mSQL (9.5ms)[0m   [0m CREATE TABLE `key_value_integers` (
 `key_index_id` int(11) NOT NULL,
 `value` bigint(20) NOT NULL,
 PRIMARY KEY (`key_index_id`)
 ) ENGINE=InnoDB DEFAULT CHARSET=utf8 COLLATE=utf8_unicode_ci
[0m
  [4;36;1mSQL (0.3ms)[0m   [0;1mINSERT INTO schema_migrations (version) VALUES ('20120323000511')[0m
Migrating to CreateKeyValueStrings (20120323000521)
  [4;35;1mSQL (7.2ms)[0m   [0m CREATE TABLE `key_value_strings` (
 `key_index_id` int(11) NOT NULL,
 `value` VARCHAR(255) NOT NULL,
 PRIMARY KEY (`key_index_id`)
 ) ENGINE=InnoDB DEFAULT CHARSET=utf8 COLLATE=utf8_unicode_ci
[0m
  [4;36;1mSQL (0.2ms)[0m   [0;1mINSERT INTO schema_migrations (version) VALUES ('20120323000521')[0m
Migrating to CreateKeyValueLongStrings (20120323142608)
  [4;35;1mSQL (8.3ms)[0m   [0m CREATE TABLE `key_value_long_strings` (
 `key_index_id` int(11) NOT NULL,
 `value` LONGTEXT NOT NULL,
 PRIMARY KEY (`key_index_id`)
 ) ENGINE=InnoDB DEFAULT CHARSET=utf8 COLLATE=utf8_unicode_ci
[0m
  [4;36;1mSQL (0.3ms)[0m   [0;1mINSERT INTO schema_migrations (version) VALUES ('20120323142608')[0m
  [4;35;1mSQL (0.3ms)[0m   [0mSHOW TABLES[0m
  [4;36;1mSQL (0.1ms)[0m   [0;1mSELECT version FROM schema_migrations[0m
  [4;35;1mSQL (0.1ms)[0m   [0mSHOW TABLES[0m
  [4;36;1mSQL (1.0ms)[0m   [0;1mSHOW FIELDS FROM `key_indices`[0m
  [4;35;1mSQL (0.9ms)[0m   [0mdescribe `key_indices`[0m
  [4;36;1mSQL (0.2ms)[0m   [0;1mSHOW KEYS FROM `key_indices`[0m
  [4;35;1mSQL (0.8ms)[0m   [0mSHOW FIELDS FROM `key_value_integers`[0m
  [4;36;1mSQL (0.7ms)[0m   [0;1mdescribe `key_value_integers`[0m
  [4;35;1mSQL (0.2ms)[0m   [0mSHOW KEYS FROM `key_value_integers`[0m
  [4;36;1mSQL (0.7ms)[0m   [0;1mSHOW FIELDS FROM `key_value_long_strings`[0m
  [4;35;1mSQL (0.7ms)[0m   [0mdescribe `key_value_long_strings`[0m
  [4;36;1mSQL (0.1ms)[0m   [0;1mSHOW KEYS FROM `key_value_long_strings`[0m
  [4;35;1mSQL (0.9ms)[0m   [0mSHOW FIELDS FROM `key_value_strings`[0m
  [4;36;1mSQL (0.6ms)[0m   [0;1mdescribe `key_value_strings`[0m
  [4;35;1mSQL (0.1ms)[0m   [0mSHOW KEYS FROM `key_value_strings`[0m
  [4;36;1mSQL (0.1ms)[0m   [0;1mSET SQL_AUTO_IS_NULL=0[0m
  [4;35;1mSQL (0.2ms)[0m   [0mSHOW TABLES[0m
  [4;36;1mSQL (24.4ms)[0m   [0;1mCREATE TABLE `schema_migrations` (`version` varchar(255) NOT NULL) ENGINE=InnoDB[0m
  [4;35;1mSQL (0.3ms)[0m   [0mSHOW KEYS FROM `schema_migrations`[0m
  [4;36;1mSQL (12.7ms)[0m   [0;1mCREATE UNIQUE INDEX `unique_schema_migrations` ON `schema_migrations` (`version`)[0m
  [4;35;1mSQL (0.2ms)[0m   [0mSHOW TABLES[0m
  [4;36;1mSQL (0.1ms)[0m   [0;1mSELECT version FROM schema_migrations[0m
Migrating to CreateKeyIndices (20120322215230)
  [4;35;1mSQL (0.0ms)[0m   [0mMysql::Error: COLLATION 'utf8_unicode_ci' is not valid for CHARACTER SET 'binary': CREATE TABLE `key_indices` (
 `id` int(11) NOT NULL AUTO_INCREMENT,
 `key` varchar(255) COLLATE utf8_unicode_ci NOT NULL,
 `key_hash` binary(16) COLLATE utf8_unicode_ci NOT NULL,
 `data_type` tinyint(3) unsigned NOT NULL,
 `expires_at` datetime DEFAULT NULL,
 `created_at` datetime DEFAULT NULL,
 `updated_at` datetime DEFAULT NULL,
 PRIMARY KEY (`id`)
 ) ENGINE=InnoDB DEFAULT CHARSET=utf8 COLLATE=utf8_unicode_ci
[0m
  [4;36;1mSQL (0.1ms)[0m   [0;1mSET SQL_AUTO_IS_NULL=0[0m
  [4;35;1mSQL (0.2ms)[0m   [0mSHOW TABLES[0m
  [4;36;1mSQL (14.5ms)[0m   [0;1mCREATE TABLE `schema_migrations` (`version` varchar(255) NOT NULL) ENGINE=InnoDB[0m
  [4;35;1mSQL (0.3ms)[0m   [0mSHOW KEYS FROM `schema_migrations`[0m
  [4;36;1mSQL (13.1ms)[0m   [0;1mCREATE UNIQUE INDEX `unique_schema_migrations` ON `schema_migrations` (`version`)[0m
  [4;35;1mSQL (0.3ms)[0m   [0mSHOW TABLES[0m
  [4;36;1mSQL (0.1ms)[0m   [0;1mSELECT version FROM schema_migrations[0m
Migrating to CreateKeyIndices (20120322215230)
  [4;35;1mSQL (9.9ms)[0m   [0m CREATE TABLE `key_indices` (
 `id` int(11) NOT NULL AUTO_INCREMENT,
 `key` varchar(255) COLLATE utf8_unicode_ci NOT NULL,
 `key_hash` binary(16) NOT NULL,
 `data_type` tinyint(3) unsigned NOT NULL,
 `expires_at` datetime DEFAULT NULL,
 `created_at` datetime DEFAULT NULL,
 `updated_at` datetime DEFAULT NULL,
 PRIMARY KEY (`id`)
 ) ENGINE=InnoDB DEFAULT CHARSET=utf8 COLLATE=utf8_unicode_ci
[0m
  [4;36;1mSQL (0.3ms)[0m   [0;1mSHOW KEYS FROM `key_indices`[0m
  [4;35;1mSQL (11.2ms)[0m   [0mCREATE UNIQUE INDEX `index_key_indices_on_key_hash_and_key` ON `key_indices` (`key_hash`, `key`)[0m
  [4;36;1mSQL (0.2ms)[0m   [0;1mSHOW KEYS FROM `key_indices`[0m
  [4;35;1mSQL (12.0ms)[0m   [0mCREATE INDEX `index_key_indices_on_expires_at` ON `key_indices` (`expires_at`)[0m
  [4;36;1mSQL (0.3ms)[0m   [0;1mINSERT INTO schema_migrations (version) VALUES ('20120322215230')[0m
Migrating to CreateKeyValueIntegers (20120323000511)
  [4;35;1mSQL (10.1ms)[0m   [0m CREATE TABLE `key_value_integers` (
 `key_index_id` int(11) NOT NULL,
 `value` bigint(20) NOT NULL,
 PRIMARY KEY (`key_index_id`)
 ) ENGINE=InnoDB DEFAULT CHARSET=utf8 COLLATE=utf8_unicode_ci
[0m
  [4;36;1mSQL (0.3ms)[0m   [0;1mINSERT INTO schema_migrations (version) VALUES ('20120323000511')[0m
Migrating to CreateKeyValueStrings (20120323000521)
  [4;35;1mSQL (8.1ms)[0m   [0m CREATE TABLE `key_value_strings` (
 `key_index_id` int(11) NOT NULL,
 `value` VARCHAR(255) NOT NULL,
 PRIMARY KEY (`key_index_id`)
 ) ENGINE=InnoDB DEFAULT CHARSET=utf8 COLLATE=utf8_unicode_ci
[0m
  [4;36;1mSQL (0.3ms)[0m   [0;1mINSERT INTO schema_migrations (version) VALUES ('20120323000521')[0m
Migrating to CreateKeyValueLongStrings (20120323142608)
  [4;35;1mSQL (7.5ms)[0m   [0m CREATE TABLE `key_value_long_strings` (
 `key_index_id` int(11) NOT NULL,
 `value` LONGTEXT COLLATE utf8_unicode_ci NOT NULL,
 PRIMARY KEY (`key_index_id`)
 ) ENGINE=InnoDB DEFAULT CHARSET=utf8 COLLATE=utf8_unicode_ci
[0m
  [4;36;1mSQL (0.3ms)[0m   [0;1mINSERT INTO schema_migrations (version) VALUES ('20120323142608')[0m
  [4;35;1mSQL (0.2ms)[0m   [0mSHOW TABLES[0m
  [4;36;1mSQL (0.1ms)[0m   [0;1mSELECT version FROM schema_migrations[0m
  [4;35;1mSQL (0.2ms)[0m   [0mSHOW TABLES[0m
  [4;36;1mSQL (1.0ms)[0m   [0;1mSHOW FIELDS FROM `key_indices`[0m
  [4;35;1mSQL (0.8ms)[0m   [0mdescribe `key_indices`[0m
  [4;36;1mSQL (0.2ms)[0m   [0;1mSHOW KEYS FROM `key_indices`[0m
  [4;35;1mSQL (0.7ms)[0m   [0mSHOW FIELDS FROM `key_value_integers`[0m
  [4;36;1mSQL (0.7ms)[0m   [0;1mdescribe `key_value_integers`[0m
  [4;35;1mSQL (0.1ms)[0m   [0mSHOW KEYS FROM `key_value_integers`[0m
  [4;36;1mSQL (0.7ms)[0m   [0;1mSHOW FIELDS FROM `key_value_long_strings`[0m
  [4;35;1mSQL (0.6ms)[0m   [0mdescribe `key_value_long_strings`[0m
  [4;36;1mSQL (0.1ms)[0m   [0;1mSHOW KEYS FROM `key_value_long_strings`[0m
  [4;35;1mSQL (0.6ms)[0m   [0mSHOW FIELDS FROM `key_value_strings`[0m
  [4;36;1mSQL (0.6ms)[0m   [0;1mdescribe `key_value_strings`[0m
  [4;35;1mSQL (0.2ms)[0m   [0mSHOW KEYS FROM `key_value_strings`[0m
  [4;36;1mSQL (0.1ms)[0m   [0;1mSET SQL_AUTO_IS_NULL=0[0m
  [4;35;1mSQL (0.2ms)[0m   [0mSHOW TABLES[0m
  [4;36;1mSQL (14.9ms)[0m   [0;1mCREATE TABLE `schema_migrations` (`version` varchar(255) NOT NULL) ENGINE=InnoDB[0m
  [4;35;1mSQL (0.3ms)[0m   [0mSHOW KEYS FROM `schema_migrations`[0m
  [4;36;1mSQL (12.8ms)[0m   [0;1mCREATE UNIQUE INDEX `unique_schema_migrations` ON `schema_migrations` (`version`)[0m
  [4;35;1mSQL (0.2ms)[0m   [0mSHOW TABLES[0m
  [4;36;1mSQL (0.1ms)[0m   [0;1mSELECT version FROM schema_migrations[0m
Migrating to CreateKeyIndices (20120322215230)
  [4;35;1mSQL (10.3ms)[0m   [0m CREATE TABLE `key_indices` (
 `id` int(11) NOT NULL AUTO_INCREMENT,
 `key` varchar(255) COLLATE utf8_unicode_ci NOT NULL,
 `key_hash` binary(16) NOT NULL,
 `data_type` tinyint(3) unsigned NOT NULL,
 `expires_at` datetime DEFAULT NULL,
 `created_at` datetime DEFAULT NULL,
 `updated_at` datetime DEFAULT NULL,
 PRIMARY KEY (`id`)
 ) ENGINE=InnoDB DEFAULT CHARSET=utf8 COLLATE=utf8_unicode_ci
[0m
  [4;36;1mSQL (0.3ms)[0m   [0;1mSHOW KEYS FROM `key_indices`[0m
  [4;35;1mSQL (12.9ms)[0m   [0mCREATE UNIQUE INDEX `index_key_indices_on_key_hash_and_key` ON `key_indices` (`key_hash`, `key`)[0m
  [4;36;1mSQL (0.2ms)[0m   [0;1mSHOW KEYS FROM `key_indices`[0m
  [4;35;1mSQL (12.6ms)[0m   [0mCREATE INDEX `index_key_indices_on_expires_at` ON `key_indices` (`expires_at`)[0m
  [4;36;1mSQL (0.3ms)[0m   [0;1mINSERT INTO schema_migrations (version) VALUES ('20120322215230')[0m
Migrating to CreateKeyValueIntegers (20120323000511)
  [4;35;1mSQL (10.2ms)[0m   [0m CREATE TABLE `key_value_integers` (
 `key_index_id` int(11) NOT NULL,
 `value` bigint(20) NOT NULL,
 PRIMARY KEY (`key_index_id`)
 ) ENGINE=InnoDB DEFAULT CHARSET=utf8 COLLATE=utf8_unicode_ci
[0m
  [4;36;1mSQL (0.3ms)[0m   [0;1mINSERT INTO schema_migrations (version) VALUES ('20120323000511')[0m
Migrating to CreateKeyValueStrings (20120323000521)
  [4;35;1mSQL (8.0ms)[0m   [0m CREATE TABLE `key_value_strings` (
 `key_index_id` int(11) NOT NULL,
 `value` VARCHAR(255) NOT NULL,
 PRIMARY KEY (`key_index_id`)
 ) ENGINE=InnoDB DEFAULT CHARSET=utf8 COLLATE=utf8_unicode_ci
[0m
  [4;36;1mSQL (0.3ms)[0m   [0;1mINSERT INTO schema_migrations (version) VALUES ('20120323000521')[0m
Migrating to CreateKeyValueLongStrings (20120323142608)
  [4;35;1mSQL (7.5ms)[0m   [0m CREATE TABLE `key_value_long_strings` (
 `key_index_id` int(11) NOT NULL,
 `value` LONGTEXT COLLATE utf8_unicode_ci NOT NULL,
 PRIMARY KEY (`key_index_id`)
 ) ENGINE=InnoDB DEFAULT CHARSET=utf8 COLLATE=utf8_unicode_ci
[0m
  [4;36;1mSQL (0.3ms)[0m   [0;1mINSERT INTO schema_migrations (version) VALUES ('20120323142608')[0m
  [4;35;1mSQL (0.2ms)[0m   [0mSHOW TABLES[0m
  [4;36;1mSQL (0.2ms)[0m   [0;1mSELECT version FROM schema_migrations[0m
  [4;35;1mSQL (0.2ms)[0m   [0mSHOW TABLES[0m
  [4;36;1mSQL (1.1ms)[0m   [0;1mSHOW FIELDS FROM `key_indices`[0m
  [4;35;1mSQL (0.8ms)[0m   [0mdescribe `key_indices`[0m
  [4;36;1mSQL (0.2ms)[0m   [0;1mSHOW KEYS FROM `key_indices`[0m
  [4;35;1mSQL (0.8ms)[0m   [0mSHOW FIELDS FROM `key_value_integers`[0m
  [4;36;1mSQL (0.6ms)[0m   [0;1mdescribe `key_value_integers`[0m
  [4;35;1mSQL (0.1ms)[0m   [0mSHOW KEYS FROM `key_value_integers`[0m
  [4;36;1mSQL (0.7ms)[0m   [0;1mSHOW FIELDS FROM `key_value_long_strings`[0m
  [4;35;1mSQL (0.6ms)[0m   [0mdescribe `key_value_long_strings`[0m
  [4;36;1mSQL (0.2ms)[0m   [0;1mSHOW KEYS FROM `key_value_long_strings`[0m
  [4;35;1mSQL (0.9ms)[0m   [0mSHOW FIELDS FROM `key_value_strings`[0m
  [4;36;1mSQL (0.6ms)[0m   [0;1mdescribe `key_value_strings`[0m
  [4;35;1mSQL (0.1ms)[0m   [0mSHOW KEYS FROM `key_value_strings`[0m
  [4;36;1mSQL (0.1ms)[0m   [0;1mSET SQL_AUTO_IS_NULL=0[0m
  [4;35;1mSQL (0.2ms)[0m   [0mSHOW TABLES[0m
  [4;36;1mSQL (17.0ms)[0m   [0;1mCREATE TABLE `schema_migrations` (`version` varchar(255) NOT NULL) ENGINE=InnoDB[0m
  [4;35;1mSQL (0.3ms)[0m   [0mSHOW KEYS FROM `schema_migrations`[0m
  [4;36;1mSQL (19.8ms)[0m   [0;1mCREATE UNIQUE INDEX `unique_schema_migrations` ON `schema_migrations` (`version`)[0m
  [4;35;1mSQL (0.3ms)[0m   [0mSHOW TABLES[0m
  [4;36;1mSQL (0.1ms)[0m   [0;1mSELECT version FROM schema_migrations[0m
Migrating to CreateKeyIndices (20120322215230)
  [4;35;1mSQL (10.5ms)[0m   [0m CREATE TABLE `key_indices` (
 `id` int(11) NOT NULL AUTO_INCREMENT,
 `key` varchar(255) COLLATE utf8_unicode_ci NOT NULL,
 `key_hash` binary(16) NOT NULL,
 `data_type` tinyint(3) unsigned NOT NULL,
 `expires_at` datetime DEFAULT NULL,
 `created_at` datetime DEFAULT NULL,
 `updated_at` datetime DEFAULT NULL,
 PRIMARY KEY (`id`)
 ) ENGINE=InnoDB DEFAULT CHARSET=utf8 COLLATE=utf8_unicode_ci
[0m
  [4;36;1mSQL (0.3ms)[0m   [0;1mSHOW KEYS FROM `key_indices`[0m
  [4;35;1mSQL (10.3ms)[0m   [0mCREATE UNIQUE INDEX `index_key_indices_on_key_hash_and_key` ON `key_indices` (`key_hash`, `key`)[0m
  [4;36;1mSQL (0.2ms)[0m   [0;1mSHOW KEYS FROM `key_indices`[0m
  [4;35;1mSQL (13.7ms)[0m   [0mCREATE INDEX `index_key_indices_on_expires_at` ON `key_indices` (`expires_at`)[0m
  [4;36;1mSQL (0.3ms)[0m   [0;1mINSERT INTO schema_migrations (version) VALUES ('20120322215230')[0m
Migrating to CreateKeyValueIntegers (20120323000511)
  [4;35;1mSQL (9.4ms)[0m   [0m CREATE TABLE `key_value_integers` (
 `key_index_id` int(11) NOT NULL,
 `value` bigint(20) NOT NULL,
 PRIMARY KEY (`key_index_id`)
 ) ENGINE=InnoDB DEFAULT CHARSET=utf8 COLLATE=utf8_unicode_ci
[0m
  [4;36;1mSQL (0.3ms)[0m   [0;1mINSERT INTO schema_migrations (version) VALUES ('20120323000511')[0m
Migrating to CreateKeyValueStrings (20120323000521)
  [4;35;1mSQL (9.2ms)[0m   [0m CREATE TABLE `key_value_strings` (
 `key_index_id` int(11) NOT NULL,
 `value` VARCHAR(255) NOT NULL,
 PRIMARY KEY (`key_index_id`)
 ) ENGINE=InnoDB DEFAULT CHARSET=utf8 COLLATE=utf8_unicode_ci
[0m
  [4;36;1mSQL (0.3ms)[0m   [0;1mINSERT INTO schema_migrations (version) VALUES ('20120323000521')[0m
Migrating to CreateKeyValueLongStrings (20120323142608)
  [4;35;1mSQL (9.2ms)[0m   [0m CREATE TABLE `key_value_long_strings` (
 `key_index_id` int(11) NOT NULL,
 `value` LONGTEXT COLLATE utf8_unicode_ci NOT NULL,
 PRIMARY KEY (`key_index_id`)
 ) ENGINE=InnoDB DEFAULT CHARSET=utf8 COLLATE=utf8_unicode_ci
[0m
  [4;36;1mSQL (0.3ms)[0m   [0;1mINSERT INTO schema_migrations (version) VALUES ('20120323142608')[0m
  [4;35;1mSQL (0.3ms)[0m   [0mSHOW TABLES[0m
  [4;36;1mSQL (0.2ms)[0m   [0;1mSELECT version FROM schema_migrations[0m
  [4;35;1mSQL (0.2ms)[0m   [0mSHOW TABLES[0m
  [4;36;1mSQL (1.1ms)[0m   [0;1mSHOW FIELDS FROM `key_indices`[0m
  [4;35;1mSQL (0.8ms)[0m   [0mdescribe `key_indices`[0m
  [4;36;1mSQL (0.2ms)[0m   [0;1mSHOW KEYS FROM `key_indices`[0m
  [4;35;1mSQL (0.7ms)[0m   [0mSHOW FIELDS FROM `key_value_integers`[0m
  [4;36;1mSQL (0.7ms)[0m   [0;1mdescribe `key_value_integers`[0m
  [4;35;1mSQL (0.1ms)[0m   [0mSHOW KEYS FROM `key_value_integers`[0m
  [4;36;1mSQL (0.7ms)[0m   [0;1mSHOW FIELDS FROM `key_value_long_strings`[0m
  [4;35;1mSQL (0.6ms)[0m   [0mdescribe `key_value_long_strings`[0m
  [4;36;1mSQL (0.1ms)[0m   [0;1mSHOW KEYS FROM `key_value_long_strings`[0m
  [4;35;1mSQL (0.7ms)[0m   [0mSHOW FIELDS FROM `key_value_strings`[0m
  [4;36;1mSQL (0.6ms)[0m   [0;1mdescribe `key_value_strings`[0m
  [4;35;1mSQL (0.1ms)[0m   [0mSHOW KEYS FROM `key_value_strings`[0m
  [4;36;1mSQL (0.1ms)[0m   [0;1mSET SQL_AUTO_IS_NULL=0[0m
  [4;35;1mSQL (0.2ms)[0m   [0mSHOW TABLES[0m
  [4;36;1mSQL (15.1ms)[0m   [0;1mCREATE TABLE `schema_migrations` (`version` varchar(255) NOT NULL) ENGINE=InnoDB[0m
  [4;35;1mSQL (0.2ms)[0m   [0mSHOW KEYS FROM `schema_migrations`[0m
  [4;36;1mSQL (14.6ms)[0m   [0;1mCREATE UNIQUE INDEX `unique_schema_migrations` ON `schema_migrations` (`version`)[0m
  [4;35;1mSQL (0.2ms)[0m   [0mSHOW TABLES[0m
  [4;36;1mSQL (0.1ms)[0m   [0;1mSELECT version FROM schema_migrations[0m
Migrating to CreateKeyIndices (20120322215230)
  [4;35;1mSQL (9.1ms)[0m   [0m CREATE TABLE `key_indices` (
 `id` int(11) NOT NULL AUTO_INCREMENT,
 `key` varchar(255) COLLATE utf8_unicode_ci NOT NULL,
 `key_hash` binary(16) NOT NULL,
 `data_type` tinyint(3) unsigned NOT NULL,
 `expires_at` datetime DEFAULT NULL,
 `created_at` datetime DEFAULT NULL,
 `updated_at` datetime DEFAULT NULL,
 PRIMARY KEY (`id`)
 ) ENGINE=InnoDB DEFAULT CHARSET=utf8 COLLATE=utf8_unicode_ci
[0m
  [4;36;1mSQL (0.2ms)[0m   [0;1mSHOW KEYS FROM `key_indices`[0m
  [4;35;1mSQL (21.8ms)[0m   [0mCREATE INDEX `index_key_indices_on_key_hash` ON `key_indices` (`key_hash`)[0m
  [4;36;1mSQL (0.2ms)[0m   [0;1mSHOW KEYS FROM `key_indices`[0m
  [4;35;1mSQL (14.2ms)[0m   [0mCREATE UNIQUE INDEX `index_key_indices_on_key` ON `key_indices` (`key`)[0m
  [4;36;1mSQL (0.2ms)[0m   [0;1mSHOW KEYS FROM `key_indices`[0m
  [4;35;1mSQL (12.7ms)[0m   [0mCREATE INDEX `index_key_indices_on_expires_at` ON `key_indices` (`expires_at`)[0m
  [4;36;1mSQL (0.2ms)[0m   [0;1mINSERT INTO schema_migrations (version) VALUES ('20120322215230')[0m
Migrating to CreateKeyValueIntegers (20120323000511)
  [4;35;1mSQL (21.8ms)[0m   [0m CREATE TABLE `key_value_integers` (
 `key_index_id` int(11) NOT NULL,
 `value` bigint(20) NOT NULL,
 PRIMARY KEY (`key_index_id`)
 ) ENGINE=InnoDB DEFAULT CHARSET=utf8 COLLATE=utf8_unicode_ci
[0m
  [4;36;1mSQL (0.3ms)[0m   [0;1mINSERT INTO schema_migrations (version) VALUES ('20120323000511')[0m
Migrating to CreateKeyValueStrings (20120323000521)
  [4;35;1mSQL (7.9ms)[0m   [0m CREATE TABLE `key_value_strings` (
 `key_index_id` int(11) NOT NULL,
 `value` VARCHAR(255) NOT NULL,
 PRIMARY KEY (`key_index_id`)
 ) ENGINE=InnoDB DEFAULT CHARSET=utf8 COLLATE=utf8_unicode_ci
[0m
  [4;36;1mSQL (0.3ms)[0m   [0;1mINSERT INTO schema_migrations (version) VALUES ('20120323000521')[0m
Migrating to CreateKeyValueLongStrings (20120323142608)
  [4;35;1mSQL (7.6ms)[0m   [0m CREATE TABLE `key_value_long_strings` (
 `key_index_id` int(11) NOT NULL,
 `value` LONGTEXT COLLATE utf8_unicode_ci NOT NULL,
 PRIMARY KEY (`key_index_id`)
 ) ENGINE=InnoDB DEFAULT CHARSET=utf8 COLLATE=utf8_unicode_ci
[0m
  [4;36;1mSQL (0.3ms)[0m   [0;1mINSERT INTO schema_migrations (version) VALUES ('20120323142608')[0m
  [4;35;1mSQL (0.2ms)[0m   [0mSHOW TABLES[0m
  [4;36;1mSQL (0.1ms)[0m   [0;1mSELECT version FROM schema_migrations[0m
  [4;35;1mSQL (0.1ms)[0m   [0mSHOW TABLES[0m
  [4;36;1mSQL (1.0ms)[0m   [0;1mSHOW FIELDS FROM `key_indices`[0m
  [4;35;1mSQL (0.9ms)[0m   [0mdescribe `key_indices`[0m
  [4;36;1mSQL (0.2ms)[0m   [0;1mSHOW KEYS FROM `key_indices`[0m
  [4;35;1mSQL (0.6ms)[0m   [0mSHOW FIELDS FROM `key_value_integers`[0m
  [4;36;1mSQL (0.7ms)[0m   [0;1mdescribe `key_value_integers`[0m
  [4;35;1mSQL (0.1ms)[0m   [0mSHOW KEYS FROM `key_value_integers`[0m
  [4;36;1mSQL (0.6ms)[0m   [0;1mSHOW FIELDS FROM `key_value_long_strings`[0m
  [4;35;1mSQL (0.7ms)[0m   [0mdescribe `key_value_long_strings`[0m
  [4;36;1mSQL (0.1ms)[0m   [0;1mSHOW KEYS FROM `key_value_long_strings`[0m
  [4;35;1mSQL (0.6ms)[0m   [0mSHOW FIELDS FROM `key_value_strings`[0m
  [4;36;1mSQL (0.6ms)[0m   [0;1mdescribe `key_value_strings`[0m
  [4;35;1mSQL (0.1ms)[0m   [0mSHOW KEYS FROM `key_value_strings`[0m
